Paotui/build/outputs/logs/manifest-merger-debug-report.txt
-- Merging decision tree log ---
manifest
ADDED from src/main/AndroidManifest.xml:2:1-307:12
	package
		ADDED from src/main/AndroidManifest.xml:4:5-34
		INJECTED from src/main/AndroidManifest.xml
		INJECTED from src/main/AndroidManifest.xml
	android:versionName
		ADDED from src/main/AndroidManifest.xml:6:5-30
		INJECTED from src/main/AndroidManifest.xml
		INJECTED from src/main/AndroidManifest.xml
	xmlns:tools
		ADDED from src/main/AndroidManifest.xml:3:5-51
	android:versionCode
		ADDED from src/main/AndroidManifest.xml:5:5-28
		INJECTED from src/main/AndroidManifest.xml
		INJECTED from src/main/AndroidManifest.xml
	xmlns:android
		ADDED from src/main/AndroidManifest.xml:2:11-69
permission#com.fmt.ming.paotui.permission.JPUSH_MESSAGE
ADDED from src/main/AndroidManifest.xml:8:5-10:47
	android:protectionLevel
		ADDED from src/main/AndroidManifest.xml:10:9-44
	android:name
		ADDED from src/main/AndroidManifest.xml:9:9-68
uses-permission#com.fmt.ming.paotui.permission.JPUSH_MESSAGE
ADDED from src/main/AndroidManifest.xml:12:5-84
	android:name
		ADDED from src/main/AndroidManifest.xml:12:22-81
uses-permission#android.permission.RECEIVE_USER_PRESENT
ADDED from src/main/AndroidManifest.xml:13:5-79
	android:name
		ADDED from src/main/AndroidManifest.xml:13:22-76
uses-permission#android.permission.READ_EXTERNAL_STORAGE
ADDED from src/main/AndroidManifest.xml:14:5-80
MERGED from [com.allenliu.versionchecklib:library:1.8.1] AndroidManifest.xml:13:5-80
MERGED from [com.github.lovetuzitong:MultiImageSelector:1.2] AndroidManifest.xml:11:5-80
	android:name
		ADDED from src/main/AndroidManifest.xml:14:22-77
uses-permission#android.permission.SYSTEM_ALERT_WINDOW
ADDED from src/main/AndroidManifest.xml:15:5-78
	android:name
		ADDED from src/main/AndroidManifest.xml:15:22-75
uses-permission#android.permission.READ_PHONE_STATE
ADDED from src/main/AndroidManifest.xml:16:5-75
MERGED from [com.allenliu.versionchecklib:library:1.8.1] AndroidManifest.xml:14:5-75
	android:name
		ADDED from src/main/AndroidManifest.xml:16:22-72
uses-permission#android.permission.ACCESS_NETWORK_STATE
ADDED from src/main/AndroidManifest.xml:17:5-79
	android:name
		ADDED from src/main/AndroidManifest.xml:17:22-76
uses-permission#android.permission.ACCESS_LOCATION_EXTRA_COMMANDS
ADDED from src/main/AndroidManifest.xml:19:5-89
	android:name
		ADDED from src/main/AndroidManifest.xml:19:22-86
uses-permission#android.permission.CHANGE_NETWORK_STATE
ADDED from src/main/AndroidManifest.xml:20:5-79
	android:name
		ADDED from src/main/AndroidManifest.xml:20:22-76
uses-permission#android.permission.INTERNET
ADDED from src/main/AndroidManifest.xml:21:5-67
MERGED from [com.allenliu.versionchecklib:library:1.8.1] AndroidManifest.xml:11:5-67
	android:name
		ADDED from src/main/AndroidManifest.xml:21:22-64
uses-permission#android.permission.VIBRATE
ADDED from src/main/AndroidManifest.xml:22:5-66
MERGED from [com.allenliu.versionchecklib:library:1.8.1] AndroidManifest.xml:15:5-66
	android:name
		ADDED from src/main/AndroidManifest.xml:22:22-63
uses-permission#android.permission.DISABLE_KEYGUARD
ADDED from src/main/AndroidManifest.xml:23:5-75
	android:name
		ADDED from src/main/AndroidManifest.xml:23:22-72
uses-permission#android.permission.WRITE_EXTERNAL_STORAGE
ADDED from src/main/AndroidManifest.xml:24:5-81
MERGED from [com.allenliu.versionchecklib:library:1.8.1] AndroidManifest.xml:12:5-81
MERGED from [com.github.lovetuzitong:MultiImageSelector:1.2] AndroidManifest.xml:12:5-81
	android:name
		ADDED from src/main/AndroidManifest.xml:24:22-78
uses-permission#android.permission.CALL_PHONE
ADDED from src/main/AndroidManifest.xml:25:5-69
	android:name
		ADDED from src/main/AndroidManifest.xml:25:22-66
uses-permission#com.android.permission.RECV_XXX
ADDED from src/main/AndroidManifest.xml:26:5-71
	android:name
		ADDED from src/main/AndroidManifest.xml:26:22-68
uses-permission#android.permission.RECEIVE_BOOT_COMPLETED
ADDED from src/main/AndroidManifest.xml:27:5-81
	android:name
		ADDED from src/main/AndroidManifest.xml:27:22-78
uses-permission#android.permission.WAKE_LOCK
ADDED from src/main/AndroidManifest.xml:29:5-68
	android:name
		ADDED from src/main/AndroidManifest.xml:29:22-65
uses-permission#android.permission.ACCESS_COARSE_LOCATION
ADDED from src/main/AndroidManifest.xml:30:5-81
	android:name
		ADDED from src/main/AndroidManifest.xml:30:22-78
uses-permission#android.permission.ACCESS_FINE_LOCATION
ADDED from src/main/AndroidManifest.xml:33:5-79
	android:name
		ADDED from src/main/AndroidManifest.xml:33:22-76
uses-permission#com.android.launcher.permission.READ_SETTINGS
ADDED from src/main/AndroidManifest.xml:34:5-85
	android:name
		ADDED from src/main/AndroidManifest.xml:34:22-82
uses-permission#android.permission.CHANGE_WIFI_STATE
ADDED from src/main/AndroidManifest.xml:35:5-76
	android:name
		ADDED from src/main/AndroidManifest.xml:35:22-73
uses-permission#android.permission.ACCESS_WIFI_STATE
ADDED from src/main/AndroidManifest.xml:36:5-76
	android:name
		ADDED from src/main/AndroidManifest.xml:36:22-73
uses-permission#android.permission.ACCESS_GPS
ADDED from src/main/AndroidManifest.xml:37:5-69
	android:name
		ADDED from src/main/AndroidManifest.xml:37:22-66
uses-permission#android.permission.READ_CONTACTS
ADDED from src/main/AndroidManifest.xml:38:5-72
	android:name
		ADDED from src/main/AndroidManifest.xml:38:22-69
uses-permission#android.permission.READ_SMS
ADDED from src/main/AndroidManifest.xml:39:5-67
	android:name
		ADDED from src/main/AndroidManifest.xml:39:22-64
uses-permission#android.permission.SEND_SMS
ADDED from src/main/AndroidManifest.xml:40:5-67
	android:name
		ADDED from src/main/AndroidManifest.xml:40:22-64
uses-permission#android.permission.CAMERA
ADDED from src/main/AndroidManifest.xml:42:5-65
	android:name
		ADDED from src/main/AndroidManifest.xml:42:22-62
uses-permission#android.permission.RECORD_AUDIO
ADDED from src/main/AndroidManifest.xml:43:5-71
	android:name
		ADDED from src/main/AndroidManifest.xml:43:22-68
uses-permission#android.permission.BROADCAST_STICKY
ADDED from src/main/AndroidManifest.xml:44:5-75
	android:name
		ADDED from src/main/AndroidManifest.xml:44:22-72
uses-permission#android.permission.PROCESS_OUTGOING_CALLS
ADDED from src/main/AndroidManifest.xml:46:5-81
	android:name
		ADDED from src/main/AndroidManifest.xml:46:22-78
uses-permission#android.permission.MODIFY_AUDIO_SETTINGS
ADDED from src/main/AndroidManifest.xml:47:5-80
	android:name
		ADDED from src/main/AndroidManifest.xml:47:22-77
uses-permission#android.permission.MANAGE_ACCOUNTS
ADDED from src/main/AndroidManifest.xml:49:5-74
	android:name
		ADDED from src/main/AndroidManifest.xml:49:22-71
uses-permission#android.permission.GET_ACCOUNTS
ADDED from src/main/AndroidManifest.xml:50:5-71
	android:name
		ADDED from src/main/AndroidManifest.xml:50:22-68
uses-permission#android.permission.DOWNLOAD_WITHOUT_NOTIFICATION
ADDED from src/main/AndroidManifest.xml:52:5-88
	android:name
		ADDED from src/main/AndroidManifest.xml:52:22-85
uses-permission#android.permission.FLASHLIGHT
ADDED from src/main/AndroidManifest.xml:53:5-69
	android:name
		ADDED from src/main/AndroidManifest.xml:53:22-66
application
ADDED from src/main/AndroidManifest.xml:56:5-305:19
MERGED from [com.liaoinstan.springview:library:1.3.0] AndroidManifest.xml:11:5-15:19
MERGED from [com.android.support:design:25.3.1] AndroidManifest.xml:29:5-20
MERGED from [com.android.support:transition:25.3.1] AndroidManifest.xml:26:5-20
MERGED from [com.allenliu.versionchecklib:library:1.8.1] AndroidManifest.xml:17:5-44:19
MERGED from [com.android.support.constraint:constraint-layout:1.0.2] AndroidManifest.xml:9:5-20
MERGED from [com.githang:status-bar-compat:0.7] AndroidManifest.xml:12:5-20
MERGED from [com.github.lovetuzitong:MultiImageSelector:1.2] AndroidManifest.xml:14:5-18:19
MERGED from [me.weyye.hipermission:library:1.0.7] AndroidManifest.xml:11:5-19:19
MERGED from [com.android.support:appcompat-v7:25.3.1] AndroidManifest.xml:29:5-20
MERGED from [com.android.support:support-v4:25.3.1] AndroidManifest.xml:29:5-20
MERGED from [com.android.support:support-fragment:25.3.1] AndroidManifest.xml:29:5-20
MERGED from [com.android.support:support-media-compat:25.3.1] AndroidManifest.xml:29:5-20
MERGED from [com.android.support:support-core-ui:25.3.1] AndroidManifest.xml:29:5-20
MERGED from [com.android.support:support-core-utils:25.3.1] AndroidManifest.xml:29:5-20
MERGED from [com.android.support:animated-vector-drawable:25.3.1] AndroidManifest.xml:26:5-20
MERGED from [com.android.support:support-vector-drawable:25.3.1] AndroidManifest.xml:26:5-20
MERGED from [com.android.support:support-compat:25.3.1] AndroidManifest.xml:29:5-20
MERGED from [PaoTui_AS:volley:unspecified] AndroidManifest.xml:11:5-20
	android:authorities
		ADDED from src/main/AndroidManifest.xml:59:9-63
	android:grantUriPermissions
		ADDED from src/main/AndroidManifest.xml:61:9-43
	android:label
		ADDED from src/main/AndroidManifest.xml:63:9-41
	android:supportsRtl
		ADDED from [com.liaoinstan.springview:library:1.3.0] AndroidManifest.xml:14:9-35
	android:exported
		ADDED from src/main/AndroidManifest.xml:60:9-33
	android:allowBackup
		ADDED from src/main/AndroidManifest.xml:58:9-35
	android:icon
		ADDED from src/main/AndroidManifest.xml:62:9-45
	android:theme
		ADDED from src/main/AndroidManifest.xml:64:9-44
	tools:replace
		ADDED from src/main/AndroidManifest.xml:65:9-37
	android:name
		ADDED from src/main/AndroidManifest.xml:57:9-64
meta-data#android.support.FILE_PROVIDER_PATHS
ADDED from src/main/AndroidManifest.xml:66:9-68:50
	android:resource
		ADDED from src/main/AndroidManifest.xml:68:13-47
	android:name
		ADDED from src/main/AndroidManifest.xml:67:13-63
meta-data#UMENG_APPKEY
ADDED from src/main/AndroidManifest.xml:69:9-72:56
	android:value
		ADDED from src/main/AndroidManifest.xml:72:13-53
	android:name
		ADDED from src/main/AndroidManifest.xml:71:13-40
meta-data#UMENG_CHANNEL
ADDED from src/main/AndroidManifest.xml:73:9-75:42
	android:value
		ADDED from src/main/AndroidManifest.xml:75:13-39
	android:name
		ADDED from src/main/AndroidManifest.xml:74:13-41
meta-data#TencentMapSDK
ADDED from src/main/AndroidManifest.xml:76:9-78:67
	android:value
		ADDED from src/main/AndroidManifest.xml:78:13-64
	android:name
		ADDED from src/main/AndroidManifest.xml:77:13-41
meta-data#android.max_aspect
ADDED from src/main/AndroidManifest.xml:79:9-81:35
	android:value
		ADDED from src/main/AndroidManifest.xml:81:13-32
	android:name
		ADDED from src/main/AndroidManifest.xml:80:13-46
service#com.fmt.ming.paotui.service.DownloadService
ADDED from src/main/AndroidManifest.xml:82:9-79
	android:name
		ADDED from src/main/AndroidManifest.xml:82:18-76
service#com.fmt.ming.paotui.service.VersionService
ADDED from src/main/AndroidManifest.xml:83:9-86:47
	android:enabled
		ADDED from src/main/AndroidManifest.xml:85:13-35
	android:exported
		ADDED from src/main/AndroidManifest.xml:86:13-36
	android:name
		ADDED from src/main/AndroidManifest.xml:84:13-70
activity#com.fmt.ming.paotui.dialog.CustomDialogActivity
ADDED from src/main/AndroidManifest.xml:88:9-90:71
	android:theme
		ADDED from src/main/AndroidManifest.xml:90:13-68
	android:name
		ADDED from src/main/AndroidManifest.xml:89:13-75
activity#com.fmt.ming.paotui.activity.SetPasswordActivity
ADDED from src/main/AndroidManifest.xml:91:9-93:52
	android:screenOrientation
		ADDED from src/main/AndroidManifest.xml:93:13-49
	android:name
		ADDED from src/main/AndroidManifest.xml:92:13-76
activity#com.fmt.ming.paotui.activity.TabActivity
ADDED from src/main/AndroidManifest.xml:94:9-97:52
	android:screenOrientation
		ADDED from src/main/AndroidManifest.xml:97:13-49
	android:launchMode
		ADDED from src/main/AndroidManifest.xml:96:13-44
	android:name
		ADDED from src/main/AndroidManifest.xml:95:13-68
activity#com.fmt.ming.paotui.service.NotificationUpdateActivity
ADDED from src/main/AndroidManifest.xml:98:9-100:56
	android:theme
		ADDED from src/main/AndroidManifest.xml:100:13-44
	android:name
		ADDED from src/main/AndroidManifest.xml:99:13-82
activity#com.fmt.ming.paotui.activity.MeassActivity
ADDED from src/main/AndroidManifest.xml:101:9-103:52
	android:screenOrientation
		ADDED from src/main/AndroidManifest.xml:103:13-49
	android:name
		ADDED from src/main/AndroidManifest.xml:102:13-70
activity#com.fmt.ming.paotui.activity.MapWebviewActivity
ADDED from src/main/AndroidManifest.xml:104:9-106:52
	android:screenOrientation
		ADDED from src/main/AndroidManifest.xml:106:13-49
	android:name
		ADDED from src/main/AndroidManifest.xml:105:13-75
activity#me.nereo.multi_image_selector.MultiImageSelectorActivity
ADDED from src/main/AndroidManifest.xml:108:9-111:74
MERGED from [com.github.lovetuzitong:MultiImageSelector:1.2] AndroidManifest.xml:15:9-17:62
	android:configChanges
		ADDED from src/main/AndroidManifest.xml:110:13-59
	android:theme
		ADDED from src/main/AndroidManifest.xml:111:13-71
	android:name
		ADDED from src/main/AndroidManifest.xml:109:13-84
activity#com.fmt.ming.paotui.activity.OrderDetailsActivity
ADDED from src/main/AndroidManifest.xml:112:9-114:62
	android:configChanges
		ADDED from src/main/AndroidManifest.xml:114:13-59
	android:name
		ADDED from src/main/AndroidManifest.xml:113:13-77
activity#com.fmt.ming.paotui.activity.LoginActivity
ADDED from src/main/AndroidManifest.xml:115:9-123:20
	android:screenOrientation
		ADDED from src/main/AndroidManifest.xml:117:13-49
	android:name
		ADDED from src/main/AndroidManifest.xml:116:13-70
intent-filter#android.intent.action.MAIN+android.intent.category.LAUNCHER
ADDED from src/main/AndroidManifest.xml:118:13-122:29
action#android.intent.action.MAIN
ADDED from src/main/AndroidManifest.xml:119:17-69
	android:name
		ADDED from src/main/AndroidManifest.xml:119:25-66
category#android.intent.category.LAUNCHER
ADDED from src/main/AndroidManifest.xml:121:17-77
	android:name
		ADDED from src/main/AndroidManifest.xml:121:27-74
activity#com.fmt.ming.paotui.activity.PersonCenterActivity
ADDED from src/main/AndroidManifest.xml:124:9-86
	android:name
		ADDED from src/main/AndroidManifest.xml:124:19-83
activity#com.fmt.ming.paotui.activity.SellDetailActivity
ADDED from src/main/AndroidManifest.xml:125:9-84
	android:name
		ADDED from src/main/AndroidManifest.xml:125:19-81
activity#com.fmt.ming.paotui.activity.SelectCity
ADDED from src/main/AndroidManifest.xml:126:9-129:67
	android:screenOrientation
		ADDED from src/main/AndroidManifest.xml:128:13-49
	android:windowSoftInputMode
		ADDED from src/main/AndroidManifest.xml:129:13-64
	android:name
		ADDED from src/main/AndroidManifest.xml:127:13-67
activity#com.fmt.ming.paotui.activity.ChangePasswordActivity
ADDED from src/main/AndroidManifest.xml:130:9-133:67
	android:screenOrientation
		ADDED from src/main/AndroidManifest.xml:132:13-49
	android:windowSoftInputMode
		ADDED from src/main/AndroidManifest.xml:133:13-64
	android:name
		ADDED from src/main/AndroidManifest.xml:131:13-79
activity#com.fmt.ming.paotui.activity.RetrievePasswordActivity
ADDED from src/main/AndroidManifest.xml:134:9-137:67
	android:screenOrientation
		ADDED from src/main/AndroidManifest.xml:136:13-49
	android:windowSoftInputMode
		ADDED from src/main/AndroidManifest.xml:137:13-64
	android:name
		ADDED from src/main/AndroidManifest.xml:135:13-81
activity#com.fmt.ming.paotui.activity.BankList
ADDED from src/main/AndroidManifest.xml:138:9-141:67
	android:screenOrientation
		ADDED from src/main/AndroidManifest.xml:140:13-49
	android:windowSoftInputMode
		ADDED from src/main/AndroidManifest.xml:141:13-64
	android:name
		ADDED from src/main/AndroidManifest.xml:139:13-65
activity#com.fmt.ming.paotui.activity.MoneyActivity
ADDED from src/main/AndroidManifest.xml:142:9-145:67
	android:screenOrientation
		ADDED from src/main/AndroidManifest.xml:144:13-49
	android:windowSoftInputMode
		ADDED from src/main/AndroidManifest.xml:145:13-64
	android:name
		ADDED from src/main/AndroidManifest.xml:143:13-70
activity#com.fmt.ming.paotui.activity.AccountListActivity
ADDED from src/main/AndroidManifest.xml:147:9-150:67
	android:screenOrientation
		ADDED from src/main/AndroidManifest.xml:149:13-49
	android:windowSoftInputMode
		ADDED from src/main/AndroidManifest.xml:150:13-64
	android:name
		ADDED from src/main/AndroidManifest.xml:148:13-76
activity#com.fmt.ming.paotui.activity.HelpActivity
ADDED from src/main/AndroidManifest.xml:151:9-154:67
	android:screenOrientation
		ADDED from src/main/AndroidManifest.xml:153:13-49
	android:windowSoftInputMode
		ADDED from src/main/AndroidManifest.xml:154:13-64
	android:name
		ADDED from src/main/AndroidManifest.xml:152:13-69
activity#com.fmt.ming.paotui.activity.MoneyDetailsActivity
ADDED from src/main/AndroidManifest.xml:155:9-158:67
	android:screenOrientation
		ADDED from src/main/AndroidManifest.xml:157:13-49
	android:windowSoftInputMode
		ADDED from src/main/AndroidManifest.xml:158:13-64
	android:name
		ADDED from src/main/AndroidManifest.xml:156:13-77
activity#com.fmt.ming.paotui.activity.ConditionsActivity
ADDED from src/main/AndroidManifest.xml:160:9-163:67
	android:screenOrientation
		ADDED from src/main/AndroidManifest.xml:162:13-49
	android:windowSoftInputMode
		ADDED from src/main/AndroidManifest.xml:163:13-64
	android:name
		ADDED from src/main/AndroidManifest.xml:161:13-75
activity#com.fmt.ming.paotui.activity.MobilePhoneActivity
ADDED from src/main/AndroidManifest.xml:164:9-167:67
	android:screenOrientation
		ADDED from src/main/AndroidManifest.xml:166:13-49
	android:windowSoftInputMode
		ADDED from src/main/AndroidManifest.xml:167:13-64
	android:name
		ADDED from src/main/AndroidManifest.xml:165:13-76
activity#com.fmt.ming.paotui.activity.VerifyPaymentPasswordActivity
ADDED from src/main/AndroidManifest.xml:168:9-171:67
	android:screenOrientation
		ADDED from src/main/AndroidManifest.xml:170:13-49
	android:windowSoftInputMode
		ADDED from src/main/AndroidManifest.xml:171:13-64
	android:name
		ADDED from src/main/AndroidManifest.xml:169:13-86
activity#com.fmt.ming.paotui.activity.SetPayPasswordOneActivity
ADDED from src/main/AndroidManifest.xml:172:9-175:67
	android:screenOrientation
		ADDED from src/main/AndroidManifest.xml:174:13-49
	android:windowSoftInputMode
		ADDED from src/main/AndroidManifest.xml:175:13-64
	android:name
		ADDED from src/main/AndroidManifest.xml:173:13-82
activity#com.fmt.ming.paotui.activity.SetPayPasswordTwoActivity
ADDED from src/main/AndroidManifest.xml:176:9-179:67
	android:screenOrientation
		ADDED from src/main/AndroidManifest.xml:178:13-49
	android:windowSoftInputMode
		ADDED from src/main/AndroidManifest.xml:179:13-64
	android:name
		ADDED from src/main/AndroidManifest.xml:177:13-82
activity#com.fmt.ming.paotui.activity.SucceedWithdrawAccessActivity
ADDED from src/main/AndroidManifest.xml:180:9-183:67
	android:screenOrientation
		ADDED from src/main/AndroidManifest.xml:182:13-49
	android:windowSoftInputMode
		ADDED from src/main/AndroidManifest.xml:183:13-64
	android:name
		ADDED from src/main/AndroidManifest.xml:181:13-86
activity#com.fmt.ming.paotui.activity.AddAccount2Activity
ADDED from src/main/AndroidManifest.xml:184:9-187:67
	android:screenOrientation
		ADDED from src/main/AndroidManifest.xml:186:13-49
	android:windowSoftInputMode
		ADDED from src/main/AndroidManifest.xml:187:13-64
	android:name
		ADDED from src/main/AndroidManifest.xml:185:13-76
activity#com.fmt.ming.paotui.activity.ApplyWithdrawActivity
ADDED from src/main/AndroidManifest.xml:188:9-191:67
	android:screenOrientation
		ADDED from src/main/AndroidManifest.xml:190:13-49
	android:windowSoftInputMode
		ADDED from src/main/AndroidManifest.xml:191:13-64
	android:name
		ADDED from src/main/AndroidManifest.xml:189:13-78
activity#com.fmt.ming.paotui.activity.CashAccountListActivity
ADDED from src/main/AndroidManifest.xml:192:9-195:67
	android:screenOrientation
		ADDED from src/main/AndroidManifest.xml:194:13-49
	android:windowSoftInputMode
		ADDED from src/main/AndroidManifest.xml:195:13-64
	android:name
		ADDED from src/main/AndroidManifest.xml:193:13-80
activity#com.fmt.ming.paotui.activity.TakeActivity
ADDED from src/main/AndroidManifest.xml:196:9-199:67
	android:screenOrientation
		ADDED from src/main/AndroidManifest.xml:198:13-49
	android:windowSoftInputMode
		ADDED from src/main/AndroidManifest.xml:199:13-64
	android:name
		ADDED from src/main/AndroidManifest.xml:197:13-69
activity#com.fmt.ming.paotui.activity.SetActivity
ADDED from src/main/AndroidManifest.xml:200:9-203:67
	android:screenOrientation
		ADDED from src/main/AndroidManifest.xml:202:13-49
	android:windowSoftInputMode
		ADDED from src/main/AndroidManifest.xml:203:13-64
	android:name
		ADDED from src/main/AndroidManifest.xml:201:13-68
activity#com.fmt.ming.paotui.activity.WebviewActivity
ADDED from src/main/AndroidManifest.xml:204:9-206:52
	android:screenOrientation
		ADDED from src/main/AndroidManifest.xml:206:13-49
	android:name
		ADDED from src/main/AndroidManifest.xml:205:13-72
activity#com.fmt.ming.paotui.activity.CashFreezeActivity
ADDED from src/main/AndroidManifest.xml:207:9-209:52
	android:screenOrientation
		ADDED from src/main/AndroidManifest.xml:209:13-49
	android:name
		ADDED from src/main/AndroidManifest.xml:208:13-75
activity#com.fmt.ming.paotui.wxapi.WXEntryActivity
ADDED from src/main/AndroidManifest.xml:210:9-214:52
	android:screenOrientation
		ADDED from src/main/AndroidManifest.xml:214:13-49
	android:launchMode
		ADDED from src/main/AndroidManifest.xml:213:13-48
	android:exported
		ADDED from src/main/AndroidManifest.xml:212:13-36
	android:name
		ADDED from src/main/AndroidManifest.xml:211:13-69
activity#com.fmt.ming.paotui.activity.PersonalActivity
ADDED from src/main/AndroidManifest.xml:217:9-220:67
	android:screenOrientation
		ADDED from src/main/AndroidManifest.xml:219:13-49
	android:windowSoftInputMode
		ADDED from src/main/AndroidManifest.xml:220:13-64
	android:name
		ADDED from src/main/AndroidManifest.xml:218:13-73
service#cn.jpush.android.service.PushService
ADDED from src/main/AndroidManifest.xml:221:9-231:19
	android:process
		ADDED from src/main/AndroidManifest.xml:224:13-36
	android:exported
		ADDED from src/main/AndroidManifest.xml:223:13-37
	android:name
		ADDED from src/main/AndroidManifest.xml:222:13-64
intent-filter#cn.jpush.android.intent.PUSH_TIME+cn.jpush.android.intent.PushService+cn.jpush.android.intent.REGISTER+cn.jpush.android.intent.REPORT
ADDED from src/main/AndroidManifest.xml:225:13-230:29
action#cn.jpush.android.intent.REGISTER
ADDED from src/main/AndroidManifest.xml:226:17-75
	android:name
		ADDED from src/main/AndroidManifest.xml:226:25-72
action#cn.jpush.android.intent.REPORT
ADDED from src/main/AndroidManifest.xml:227:17-73
	android:name
		ADDED from src/main/AndroidManifest.xml:227:25-70
action#cn.jpush.android.intent.PushService
ADDED from src/main/AndroidManifest.xml:228:17-78
	android:name
		ADDED from src/main/AndroidManifest.xml:228:25-75
action#cn.jpush.android.intent.PUSH_TIME
ADDED from src/main/AndroidManifest.xml:229:17-76
	android:name
		ADDED from src/main/AndroidManifest.xml:229:25-73
service#com.fmt.ming.paotui.service.LocationService
ADDED from src/main/AndroidManifest.xml:232:9-79
	android:name
		ADDED from src/main/AndroidManifest.xml:232:18-76
provider#cn.jpush.android.service.DataProvider
ADDED from src/main/AndroidManifest.xml:234:9-237:40
	android:authorities
		ADDED from src/main/AndroidManifest.xml:236:13-67
	android:exported
		ADDED from src/main/AndroidManifest.xml:237:13-37
	android:name
		ADDED from src/main/AndroidManifest.xml:235:13-65
receiver#cn.jpush.android.service.PushReceiver
ADDED from src/main/AndroidManifest.xml:239:9-258:20
	android:enabled
		ADDED from src/main/AndroidManifest.xml:241:13-35
	android:exported
		ADDED from src/main/AndroidManifest.xml:242:13-37
	android:name
		ADDED from src/main/AndroidManifest.xml:240:13-65
intent-filter#cn.jpush.android.intent.NOTIFICATION_RECEIVED_PROXY+com.fmt.ming.paotui
ADDED from src/main/AndroidManifest.xml:243:13-246:29
	android:priority
		ADDED from src/main/AndroidManifest.xml:243:28-51
action#cn.jpush.android.intent.NOTIFICATION_RECEIVED_PROXY
ADDED from src/main/AndroidManifest.xml:244:17-94
	android:name
		ADDED from src/main/AndroidManifest.xml:244:25-91
category#com.fmt.ming.paotui
ADDED from src/main/AndroidManifest.xml:245:17-64
	android:name
		ADDED from src/main/AndroidManifest.xml:245:27-61
intent-filter#android.intent.action.USER_PRESENT+android.net.conn.CONNECTIVITY_CHANGE
ADDED from src/main/AndroidManifest.xml:247:13-250:29
action#android.intent.action.USER_PRESENT
ADDED from src/main/AndroidManifest.xml:248:17-77
	android:name
		ADDED from src/main/AndroidManifest.xml:248:25-74
action#android.net.conn.CONNECTIVITY_CHANGE
ADDED from src/main/AndroidManifest.xml:249:17-79
	android:name
		ADDED from src/main/AndroidManifest.xml:249:25-76
intent-filter#android.intent.action.PACKAGE_ADDED+android.intent.action.PACKAGE_REMOVED
ADDED from src/main/AndroidManifest.xml:252:13-257:29
action#android.intent.action.PACKAGE_ADDED
ADDED from src/main/AndroidManifest.xml:253:17-78
	android:name
		ADDED from src/main/AndroidManifest.xml:253:25-75
action#android.intent.action.PACKAGE_REMOVED
ADDED from src/main/AndroidManifest.xml:254:17-80
	android:name
		ADDED from src/main/AndroidManifest.xml:254:25-77
data
ADDED from src/main/AndroidManifest.xml:256:17-50
	android:scheme
		ADDED from src/main/AndroidManifest.xml:256:23-47
activity#cn.jpush.android.ui.PushActivity
ADDED from src/main/AndroidManifest.xml:260:9-271:20
	android:exported
		ADDED from src/main/AndroidManifest.xml:263:13-37
	android:configChanges
		ADDED from src/main/AndroidManifest.xml:262:13-63
	android:theme
		ADDED from src/main/AndroidManifest.xml:264:13-60
	android:name
		ADDED from src/main/AndroidManifest.xml:261:13-60
intent-filter#android.intent.category.DEFAULT+cn.jpush.android.ui.PushActivity+com.fmt.ming.paotui
ADDED from src/main/AndroidManifest.xml:265:13-270:29
action#cn.jpush.android.ui.PushActivity
ADDED from src/main/AndroidManifest.xml:266:17-75
	android:name
		ADDED from src/main/AndroidManifest.xml:266:25-72
category#android.intent.category.DEFAULT
ADDED from src/main/AndroidManifest.xml:268:17-76
	android:name
		ADDED from src/main/AndroidManifest.xml:268:27-73
receiver#com.fmt.ming.paotui.service.MyReceiver
ADDED from src/main/AndroidManifest.xml:273:9-285:20
	android:enabled
		ADDED from src/main/AndroidManifest.xml:275:13-35
	android:exported
		ADDED from src/main/AndroidManifest.xml:276:13-37
	android:name
		ADDED from src/main/AndroidManifest.xml:274:13-66
intent-filter#cn.jpush.android.intent.CONNECTION+cn.jpush.android.intent.MESSAGE_RECEIVED+cn.jpush.android.intent.NOTIFICATION_OPENED+cn.jpush.android.intent.NOTIFICATION_RECEIVED+cn.jpush.android.intent.REGISTRATION+com.fmt.ming.paotui
ADDED from src/main/AndroidManifest.xml:277:13-284:29
action#cn.jpush.android.intent.REGISTRATION
ADDED from src/main/AndroidManifest.xml:278:17-79
	android:name
		ADDED from src/main/AndroidManifest.xml:278:25-76
action#cn.jpush.android.intent.MESSAGE_RECEIVED
ADDED from src/main/AndroidManifest.xml:279:17-83
	android:name
		ADDED from src/main/AndroidManifest.xml:279:25-80
action#cn.jpush.android.intent.NOTIFICATION_RECEIVED
ADDED from src/main/AndroidManifest.xml:280:17-88
	android:name
		ADDED from src/main/AndroidManifest.xml:280:25-85
action#cn.jpush.android.intent.NOTIFICATION_OPENED
ADDED from src/main/AndroidManifest.xml:281:17-86
	android:name
		ADDED from src/main/AndroidManifest.xml:281:25-83
action#cn.jpush.android.intent.CONNECTION
ADDED from src/main/AndroidManifest.xml:282:17-77
	android:name
		ADDED from src/main/AndroidManifest.xml:282:25-74
receiver#com.fmt.ming.paotui.service.MyJPushMessageReceiver
ADDED from src/main/AndroidManifest.xml:287:9-292:20
	android:name
		ADDED from src/main/AndroidManifest.xml:287:19-84
intent-filter#cn.jpush.android.intent.RECEIVE_MESSAGE+com.fmt.ming.paotui
ADDED from src/main/AndroidManifest.xml:288:13-291:29
action#cn.jpush.android.intent.RECEIVE_MESSAGE
ADDED from src/main/AndroidManifest.xml:289:17-82
	android:name
		ADDED from src/main/AndroidManifest.xml:289:25-79
receiver#cn.jpush.android.service.AlarmReceiver
ADDED from src/main/AndroidManifest.xml:294:9-296:40
	android:exported
		ADDED from src/main/AndroidManifest.xml:296:13-37
	android:name
		ADDED from src/main/AndroidManifest.xml:295:13-66
meta-data#JPUSH_CHANNEL
ADDED from src/main/AndroidManifest.xml:298:9-300:49
	android:value
		ADDED from src/main/AndroidManifest.xml:300:13-46
	android:name
		ADDED from src/main/AndroidManifest.xml:299:13-41
meta-data#JPUSH_APPKEY
ADDED from src/main/AndroidManifest.xml:301:9-303:56
	android:value
		ADDED from src/main/AndroidManifest.xml:303:13-53
	android:name
		ADDED from src/main/AndroidManifest.xml:302:13-40
uses-sdk
INJECTED from src/main/AndroidManifest.xml reason: use-sdk injection requested
MERGED from [com.liaoinstan.springview:library:1.3.0] AndroidManifest.xml:7:5-9:41
MERGED from [com.android.support:design:25.3.1] AndroidManifest.xml:21:5-23:62
MERGED from [com.android.support:recyclerview-v7:25.3.1] AndroidManifest.xml:20:5-43
MERGED from [com.android.support:transition:25.3.1] AndroidManifest.xml:20:5-44
MERGED from [com.allenliu.versionchecklib:library:1.8.1] AndroidManifest.xml:7:5-9:41
MERGED from [com.android.support.constraint:constraint-layout:1.0.2] AndroidManifest.xml:5:5-7:41
MERGED from [com.githang:status-bar-compat:0.7] AndroidManifest.xml:8:5-10:41
MERGED from [com.github.lovetuzitong:MultiImageSelector:1.2] AndroidManifest.xml:7:5-9:41
MERGED from [me.weyye.hipermission:library:1.0.7] AndroidManifest.xml:7:5-9:41
MERGED from [com.android.support:appcompat-v7:25.3.1] AndroidManifest.xml:21:5-23:78
MERGED from [com.android.support:support-v4:25.3.1] AndroidManifest.xml:21:5-23:54
MERGED from [com.android.support:support-fragment:25.3.1] AndroidManifest.xml:21:5-23:60
MERGED from [com.android.support:support-media-compat:25.3.1] AndroidManifest.xml:21:5-23:63